<?xml version="1.0" encoding="UTF-8"?>
<!-- Generated by org.testng.reporters.JUnitXMLReporter -->
<testsuite ignored="2" hostname="RajRohit-PC" failures="0" tests="2" name="Test" time="0.079" errors="0" timestamp="2021-07-02T09:28:01 IST">
  <testcase classname="com.actitime.generics.BaseClass" name="@BeforeTest openBrowser" time="-1.625198281589E9">
    <failure type="org.testng.TestNGException" message="
Can inject only one of &amp;lt;ITestContext, XmlTest&amp;gt; into a @BeforeTest annotated openBrowser.
For more information on native dependency injection please refer to https://testng.org/doc/documentation-main.html#native-dependency-injection">
      <![CDATA[org.testng.TestNGException: 
Can inject only one of <ITestContext, XmlTest> into a @BeforeTest annotated openBrowser.
For more information on native dependency injection please refer to https://testng.org/doc/documentation-main.html#native-dependency-injection
... Removed 21 stack frames]]>
    </failure>
  </testcase> <!-- @BeforeTest openBrowser -->
  <testcase classname="com.actitime.generics.BaseClass" name="@BeforeMethod login" time="-1.625198281638E9">
    <skipped/>
  </testcase> <!-- @BeforeMethod login -->
  <testcase classname="com.actitime.generics.BaseClass" name="@AfterMethod logout" time="-1.625198281649E9">
    <skipped/>
  </testcase> <!-- @AfterMethod logout -->
  <testcase classname="com.actitime.generics.BaseClass" name="@BeforeMethod login" time="-1.625198281653E9">
    <skipped/>
  </testcase> <!-- @BeforeMethod login -->
  <testcase classname="com.actitime.generics.BaseClass" name="@AfterMethod logout" time="-1.625198281659E9">
    <skipped/>
  </testcase> <!-- @AfterMethod logout -->
  <testcase classname="com.actitime.generics.BaseClass" name="@AfterTest closeBrowser" time="-1.625198281661E9">
    <skipped/>
  </testcase> <!-- @AfterTest closeBrowser -->
  <testcase classname="com.actitime.testScript.ReportModule" name="testCreateReport" time="0.0">
    <skipped/>
  </testcase> <!-- testCreateReport -->
  <testcase classname="com.actitime.testScript.CustomerModule" name="testCreateCustomer" time="0.0">
    <skipped/>
  </testcase> <!-- testCreateCustomer -->
  <testcase classname="com.actitime.generics.BaseClass" name="@AfterTest closeBrowser" time="0.0">
    <ignored/>
  </testcase> <!-- @AfterTest closeBrowser -->
  <testcase classname="com.actitime.generics.BaseClass" name="@BeforeTest openBrowser" time="0.0">
    <ignored/>
  </testcase> <!-- @BeforeTest openBrowser -->
</testsuite> <!-- Test -->
