<?xml version="1.0" encoding="UTF-8"?>
<testng-results ignored="0" total="2" passed="2" failed="0" skipped="0">
  <reporter-output>
    <line>
      <![CDATA[openBrowser]]>
    </line>
    <line>
      <![CDATA[openBrowser]]>
    </line>
    <line>
      <![CDATA[Login]]>
    </line>
    <line>
      <![CDATA[Login]]>
    </line>
    <line>
      <![CDATA[CreateReport]]>
    </line>
    <line>
      <![CDATA[Logout]]>
    </line>
    <line>
      <![CDATA[CreateCustomer]]>
    </line>
    <line>
      <![CDATA[Logout]]>
    </line>
    <line>
      <![CDATA[closeBrowser]]>
    </line>
    <line>
      <![CDATA[closeBrowser]]>
    </line>
  </reporter-output>
  <suite started-at="2021-07-03T12:33:06 IST" name="Suite" finished-at="2021-07-03T12:33:30 IST" duration-ms="23619">
    <groups>
    </groups>
    <test started-at="2021-07-03T12:33:06 IST" name="TestBlock2" finished-at="2021-07-03T12:33:26 IST" duration-ms="20520">
      <class name="com.actitime.testScript.ReportModule">
        <test-method is-config="true" signature="openBrowser()[pri:0, instance:com.actitime.testScript.ReportModule@5ba3f27a]" started-at="2021-07-03T12:33:06 IST" name="openBrowser" finished-at="2021-07-03T12:33:09 IST" duration-ms="2896" status="PASS">
          <reporter-output>
            <line>
              <![CDATA[openBrowser]]>
            </line>
          </reporter-output>
        </test-method> <!-- openBrowser -->
        <test-method is-config="true" signature="login()[pri:0, instance:com.actitime.testScript.ReportModule@5ba3f27a]" started-at="2021-07-03T12:33:09 IST" name="login" finished-at="2021-07-03T12:33:18 IST" duration-ms="9436" status="PASS">
          <reporter-output>
            <line>
              <![CDATA[Login]]>
            </line>
          </reporter-output>
        </test-method> <!-- login -->
        <test-method signature="testCreateReport()[pri:0, instance:com.actitime.testScript.ReportModule@5ba3f27a]" started-at="2021-07-03T12:33:18 IST" name="testCreateReport" finished-at="2021-07-03T12:33:18 IST" duration-ms="10" status="PASS">
          <reporter-output>
            <line>
              <![CDATA[CreateReport]]>
            </line>
          </reporter-output>
        </test-method> <!-- testCreateReport -->
        <test-method is-config="true" signature="logout()[pri:0, instance:com.actitime.testScript.ReportModule@5ba3f27a]" started-at="2021-07-03T12:33:18 IST" name="logout" finished-at="2021-07-03T12:33:26 IST" duration-ms="8029" status="PASS">
          <reporter-output>
            <line>
              <![CDATA[Logout]]>
            </line>
          </reporter-output>
        </test-method> <!-- logout -->
        <test-method is-config="true" signature="closeBrowser()[pri:0, instance:com.actitime.testScript.ReportModule@5ba3f27a]" started-at="2021-07-03T12:33:26 IST" name="closeBrowser" finished-at="2021-07-03T12:33:26 IST" duration-ms="101" status="PASS">
          <reporter-output>
            <line>
              <![CDATA[closeBrowser]]>
            </line>
          </reporter-output>
        </test-method> <!-- closeBrowser -->
      </class> <!-- com.actitime.testScript.ReportModule -->
    </test> <!-- TestBlock2 -->
    <test started-at="2021-07-03T12:33:06 IST" name="TestBlock1" finished-at="2021-07-03T12:33:30 IST" duration-ms="23619">
      <class name="com.actitime.testScript.CustomerModule">
        <test-method is-config="true" signature="openBrowser()[pri:0, instance:com.actitime.testScript.CustomerModule@5403f35f]" started-at="2021-07-03T12:33:06 IST" name="openBrowser" finished-at="2021-07-03T12:33:09 IST" duration-ms="2896" status="PASS">
          <reporter-output>
            <line>
              <![CDATA[openBrowser]]>
            </line>
          </reporter-output>
        </test-method> <!-- openBrowser -->
        <test-method is-config="true" signature="login()[pri:0, instance:com.actitime.testScript.CustomerModule@5403f35f]" started-at="2021-07-03T12:33:09 IST" name="login" finished-at="2021-07-03T12:33:20 IST" duration-ms="11613" status="PASS">
          <reporter-output>
            <line>
              <![CDATA[Login]]>
            </line>
          </reporter-output>
        </test-method> <!-- login -->
        <test-method signature="testCreateCustomer()[pri:0, instance:com.actitime.testScript.CustomerModule@5403f35f]" started-at="2021-07-03T12:33:20 IST" name="testCreateCustomer" finished-at="2021-07-03T12:33:20 IST" duration-ms="2" status="PASS">
          <reporter-output>
            <line>
              <![CDATA[CreateCustomer]]>
            </line>
          </reporter-output>
        </test-method> <!-- testCreateCustomer -->
        <test-method is-config="true" signature="logout()[pri:0, instance:com.actitime.testScript.CustomerModule@5403f35f]" started-at="2021-07-03T12:33:20 IST" name="logout" finished-at="2021-07-03T12:33:29 IST" duration-ms="8947" status="PASS">
          <reporter-output>
            <line>
              <![CDATA[Logout]]>
            </line>
          </reporter-output>
        </test-method> <!-- logout -->
        <test-method is-config="true" signature="closeBrowser()[pri:0, instance:com.actitime.testScript.CustomerModule@5403f35f]" started-at="2021-07-03T12:33:29 IST" name="closeBrowser" finished-at="2021-07-03T12:33:30 IST" duration-ms="120" status="PASS">
          <reporter-output>
            <line>
              <![CDATA[closeBrowser]]>
            </line>
          </reporter-output>
        </test-method> <!-- closeBrowser -->
      </class> <!-- com.actitime.testScript.CustomerModule -->
    </test> <!-- TestBlock1 -->
  </suite> <!-- Suite -->
</testng-results>
